# JRE version: OpenJDK Runtime Environment (8.0_242-b01) (build 1.8.0_242-release-1644-b01)
# Java VM: OpenJDK 64-Bit Server VM (25.242-b01 mixed mode windows-amd64 compressed oops)
Heap:
 PSYoungGen      total 163840K, used 57519K [0x00000000e0000000, 0x00000000ebe00000, 0x0000000100000000)
  eden space 146432K, 39% used [0x00000000e0000000,0x00000000e382bff0,0x00000000e8f00000)
  from space 17408K, 0% used [0x00000000ea080000,0x00000000ea080000,0x00000000eb180000)
  to   space 17920K, 0% used [0x00000000e8f00000,0x00000000e8f00000,0x00000000ea080000)
 ParOldGen       total 141312K, used 29879K [0x00000000a0000000, 0x00000000a8a00000, 0x00000000e0000000)
  object space 141312K, 21% used [0x00000000a0000000,0x00000000a1d2de70,0x00000000a8a00000)
 Metaspace       used 59623K, capacity 62284K, committed 62384K, reserved 1103872K
  class space    used 8268K, capacity 8807K, committed 8880K, reserved 1048576K
GC Heap History (10 events):
Event: 9.207 GC heap before
{Heap before GC invocations=11 (full 2):
 PSYoungGen      total 110080K, used 8775K [0x00000000e0000000, 0x00000000e9980000, 0x0000000100000000)
  eden space 98304K, 0% used [0x00000000e0000000,0x00000000e0000000,0x00000000e6000000)
  from space 11776K, 74% used [0x00000000e6000000,0x00000000e6891c98,0x00000000e6b80000)
  to   space 11776K, 0% used [0x00000000e8e00000,0x00000000e8e00000,0x00000000e9980000)
 ParOldGen       total 60416K, used 8937K [0x00000000a0000000, 0x00000000a3b00000, 0x00000000e0000000)
  object space 60416K, 14% used [0x00000000a0000000,0x00000000a08ba710,0x00000000a3b00000)
 Metaspace       used 34543K, capacity 35410K, committed 35496K, reserved 1079296K
  class space    used 4740K, capacity 4974K, committed 5040K, reserved 1048576K
Event: 9.297 GC heap after
Heap after GC invocations=11 (full 2):
 PSYoungGen      total 110080K, used 0K [0x00000000e0000000, 0x00000000e9980000, 0x0000000100000000)
  eden space 98304K, 0% used [0x00000000e0000000,0x00000000e0000000,0x00000000e6000000)
  from space 11776K, 0% used [0x00000000e6000000,0x00000000e6000000,0x00000000e6b80000)
  to   space 11776K, 0% used [0x00000000e8e00000,0x00000000e8e00000,0x00000000e9980000)
 ParOldGen       total 93184K, used 15288K [0x00000000a0000000, 0x00000000a5b00000, 0x00000000e0000000)
  object space 93184K, 16% used [0x00000000a0000000,0x00000000a0eee168,0x00000000a5b00000)
 Metaspace       used 34543K, capacity 35410K, committed 35496K, reserved 1079296K
  class space    used 4740K, capacity 4974K, committed 5040K, reserved 1048576K
}
Event: 16.223 GC heap before
{Heap before GC invocations=12 (full 2):
 PSYoungGen      total 110080K, used 98304K [0x00000000e0000000, 0x00000000e9980000, 0x0000000100000000)
  eden space 98304K, 100% used [0x00000000e0000000,0x00000000e6000000,0x00000000e6000000)
  from space 11776K, 0% used [0x00000000e6000000,0x00000000e6000000,0x00000000e6b80000)
  to   space 11776K, 0% used [0x00000000e8e00000,0x00000000e8e00000,0x00000000e9980000)
 ParOldGen       total 93184K, used 15288K [0x00000000a0000000, 0x00000000a5b00000, 0x00000000e0000000)
  object space 93184K, 16% used [0x00000000a0000000,0x00000000a0eee168,0x00000000a5b00000)
 Metaspace       used 43155K, capacity 44692K, committed 44976K, reserved 1087488K
  class space    used 5862K, capacity 6230K, committed 6320K, reserved 1048576K
Event: 16.249 GC heap after
Heap after GC invocations=12 (full 2):
 PSYoungGen      total 133120K, used 11368K [0x00000000e0000000, 0x00000000e9980000, 0x0000000100000000)
  eden space 121344K, 0% used [0x00000000e0000000,0x00000000e0000000,0x00000000e7680000)
  from space 11776K, 96% used [0x00000000e8e00000,0x00000000e991a3e8,0x00000000e9980000)
  to   space 13312K, 0% used [0x00000000e7f80000,0x00000000e7f80000,0x00000000e8c80000)
 ParOldGen       total 93184K, used 15296K [0x00000000a0000000, 0x00000000a5b00000, 0x00000000e0000000)
  object space 93184K, 16% used [0x00000000a0000000,0x00000000a0ef0168,0x00000000a5b00000)
 Metaspace       used 43155K, capacity 44692K, committed 44976K, reserved 1087488K
  class space    used 5862K, capacity 6230K, committed 6320K, reserved 1048576K
}
Event: 22.727 GC heap before
{Heap before GC invocations=13 (full 2):
 PSYoungGen      total 133120K, used 132712K [0x00000000e0000000, 0x00000000e9980000, 0x0000000100000000)
  eden space 121344K, 100% used [0x00000000e0000000,0x00000000e7680000,0x00000000e7680000)
  from space 11776K, 96% used [0x00000000e8e00000,0x00000000e991a3e8,0x00000000e9980000)
  to   space 13312K, 0% used [0x00000000e7f80000,0x00000000e7f80000,0x00000000e8c80000)
 ParOldGen       total 93184K, used 15296K [0x00000000a0000000, 0x00000000a5b00000, 0x00000000e0000000)
  object space 93184K, 16% used [0x00000000a0000000,0x00000000a0ef0168,0x00000000a5b00000)
 Metaspace       used 53692K, capacity 55582K, committed 55728K, reserved 1097728K
  class space    used 7299K, capacity 7742K, committed 7856K, reserved 1048576K
Event: 22.762 GC heap after
Heap after GC invocations=13 (full 2):
 PSYoungGen      total 143872K, used 13308K [0x00000000e0000000, 0x00000000eb180000, 0x0000000100000000)
  eden space 130560K, 0% used [0x00000000e0000000,0x00000000e0000000,0x00000000e7f80000)
  from space 13312K, 99% used [0x00000000e7f80000,0x00000000e8c7f340,0x00000000e8c80000)
  to   space 17408K, 0% used [0x00000000ea080000,0x00000000ea080000,0x00000000eb180000)
 ParOldGen       total 93184K, used 22773K [0x00000000a0000000, 0x00000000a5b00000, 0x00000000e0000000)
  object space 93184K, 24% used [0x00000000a0000000,0x00000000a163d5a8,0x00000000a5b00000)
 Metaspace       used 53692K, capacity 55582K, committed 55728K, reserved 1097728K
  class space    used 7299K, capacity 7742K, committed 7856K, reserved 1048576K
}
Event: 25.058 GC heap before
{Heap before GC invocations=14 (full 2):
 PSYoungGen      total 143872K, used 56204K [0x00000000e0000000, 0x00000000eb180000, 0x0000000100000000)
  eden space 130560K, 32% used [0x00000000e0000000,0x00000000e29e3cd8,0x00000000e7f80000)
  from space 13312K, 99% used [0x00000000e7f80000,0x00000000e8c7f340,0x00000000e8c80000)
  to   space 17408K, 0% used [0x00000000ea080000,0x00000000ea080000,0x00000000eb180000)
 ParOldGen       total 93184K, used 22773K [0x00000000a0000000, 0x00000000a5b00000, 0x00000000e0000000)
  object space 93184K, 24% used [0x00000000a0000000,0x00000000a163d5a8,0x00000000a5b00000)
 Metaspace       used 56988K, capacity 59036K, committed 59160K, reserved 1099776K
  class space    used 7812K, capacity 8285K, committed 8368K, reserved 1048576K
Event: 25.085 GC heap after
Heap after GC invocations=14 (full 2):
 PSYoungGen      total 163840K, used 12380K [0x00000000e0000000, 0x00000000ebe00000, 0x0000000100000000)
  eden space 146432K, 0% used [0x00000000e0000000,0x00000000e0000000,0x00000000e8f00000)
  from space 17408K, 71% used [0x00000000ea080000,0x00000000eac97210,0x00000000eb180000)
  to   space 17920K, 0% used [0x00000000e8f00000,0x00000000e8f00000,0x00000000ea080000)
 ParOldGen       total 93184K, used 27769K [0x00000000a0000000, 0x00000000a5b00000, 0x00000000e0000000)
  object space 93184K, 29% used [0x00000000a0000000,0x00000000a1b1e508,0x00000000a5b00000)
 Metaspace       used 56988K, capacity 59036K, committed 59160K, reserved 1099776K
  class space    used 7812K, capacity 8285K, committed 8368K, reserved 1048576K
}
Event: 25.085 GC heap before
{Heap before GC invocations=15 (full 3):
 PSYoungGen      total 163840K, used 12380K [0x00000000e0000000, 0x00000000ebe00000, 0x0000000100000000)
  eden space 146432K, 0% used [0x00000000e0000000,0x00000000e0000000,0x00000000e8f00000)
  from space 17408K, 71% used [0x00000000ea080000,0x00000000eac97210,0x00000000eb180000)
  to   space 17920K, 0% used [0x00000000e8f00000,0x00000000e8f00000,0x00000000ea080000)
 ParOldGen       total 93184K, used 27769K [0x00000000a0000000, 0x00000000a5b00000, 0x00000000e0000000)
  object space 93184K, 29% used [0x00000000a0000000,0x00000000a1b1e508,0x00000000a5b00000)
 Metaspace       used 56988K, capacity 59036K, committed 59160K, reserved 1099776K
  class space    used 7812K, capacity 8285K, committed 8368K, reserved 1048576K
Event: 25.486 GC heap after
Heap after GC invocations=15 (full 3):
 PSYoungGen      total 163840K, used 0K [0x00000000e0000000, 0x00000000ebe00000, 0x0000000100000000)
  eden space 146432K, 0% used [0x00000000e0000000,0x00000000e0000000,0x00000000e8f00000)
  from space 17408K, 0% used [0x00000000ea080000,0x00000000ea080000,0x00000000eb180000)
  to   space 17920K, 0% used [0x00000000e8f00000,0x00000000e8f00000,0x00000000ea080000)
 ParOldGen       total 141312K, used 29879K [0x00000000a0000000, 0x00000000a8a00000, 0x00000000e0000000)
  object space 141312K, 21% used [0x00000000a0000000,0x00000000a1d2de70,0x00000000a8a00000)
 Metaspace       used 56964K, capacity 58952K, committed 59160K, reserved 1099776K
  class space    used 7804K, capacity 8271K, committed 8368K, reserved 1048576K
}

