# JRE version: OpenJDK Runtime Environment (8.0_242-b01) (build 1.8.0_242-release-1644-b01)
# Java VM: OpenJDK 64-Bit Server VM (25.242-b01 mixed mode windows-amd64 compressed oops)
Heap:
 PSYoungGen      total 423424K, used 137836K [0x00000000e0000000, 0x00000000feb00000, 0x0000000100000000)
  eden space 350720K, 35% used [0x00000000e0000000,0x00000000e79c03d0,0x00000000f5680000)
  from space 72704K, 18% used [0x00000000f5680000,0x00000000f635ae68,0x00000000f9d80000)
  to   space 68096K, 0% used [0x00000000fa880000,0x00000000fa880000,0x00000000feb00000)
 ParOldGen       total 339456K, used 56653K [0x00000000a0000000, 0x00000000b4b80000, 0x00000000e0000000)
  object space 339456K, 16% used [0x00000000a0000000,0x00000000a3753790,0x00000000b4b80000)
 Metaspace       used 118523K, capacity 126524K, committed 132392K, reserved 1165312K
  class space    used 14631K, capacity 15974K, committed 16944K, reserved 1048576K
GC Heap History (10 events):
Event: 10402.586 GC heap before
{Heap before GC invocations=113 (full 24):
 PSYoungGen      total 426496K, used 234K [0x00000000e0000000, 0x00000000fed80000, 0x0000000100000000)
  eden space 350720K, 0% used [0x00000000e0000000,0x00000000e003a820,0x00000000f5680000)
  from space 75776K, 0% used [0x00000000fa380000,0x00000000fa380000,0x00000000fed80000)
  to   space 77312K, 0% used [0x00000000f5680000,0x00000000f5680000,0x00000000fa200000)
 ParOldGen       total 339456K, used 61576K [0x00000000a0000000, 0x00000000b4b80000, 0x00000000e0000000)
  object space 339456K, 18% used [0x00000000a0000000,0x00000000a3c22350,0x00000000b4b80000)
 Metaspace       used 118242K, capacity 126154K, committed 132392K, reserved 1165312K
  class space    used 14598K, capacity 15913K, committed 16944K, reserved 1048576K
Event: 10402.591 GC heap after
Heap after GC invocations=113 (full 24):
 PSYoungGen      total 351232K, used 128K [0x00000000e0000000, 0x00000000fe980000, 0x0000000100000000)
  eden space 350720K, 0% used [0x00000000e0000000,0x00000000e0000000,0x00000000f5680000)
  from space 512K, 25% used [0x00000000f5680000,0x00000000f56a0000,0x00000000f5700000)
  to   space 75264K, 0% used [0x00000000fa000000,0x00000000fa000000,0x00000000fe980000)
 ParOldGen       total 339456K, used 61576K [0x00000000a0000000, 0x00000000b4b80000, 0x00000000e0000000)
  object space 339456K, 18% used [0x00000000a0000000,0x00000000a3c22350,0x00000000b4b80000)
 Metaspace       used 118242K, capacity 126154K, committed 132392K, reserved 1165312K
  class space    used 14598K, capacity 15913K, committed 16944K, reserved 1048576K
}
Event: 10402.591 GC heap before
{Heap before GC invocations=114 (full 25):
 PSYoungGen      total 351232K, used 128K [0x00000000e0000000, 0x00000000fe980000, 0x0000000100000000)
  eden space 350720K, 0% used [0x00000000e0000000,0x00000000e0000000,0x00000000f5680000)
  from space 512K, 25% used [0x00000000f5680000,0x00000000f56a0000,0x00000000f5700000)
  to   space 75264K, 0% used [0x00000000fa000000,0x00000000fa000000,0x00000000fe980000)
 ParOldGen       total 339456K, used 61576K [0x00000000a0000000, 0x00000000b4b80000, 0x00000000e0000000)
  object space 339456K, 18% used [0x00000000a0000000,0x00000000a3c22350,0x00000000b4b80000)
 Metaspace       used 118242K, capacity 126154K, committed 132392K, reserved 1165312K
  class space    used 14598K, capacity 15913K, committed 16944K, reserved 1048576K
Event: 10402.996 GC heap after
Heap after GC invocations=114 (full 25):
 PSYoungGen      total 351232K, used 0K [0x00000000e0000000, 0x00000000fe980000, 0x0000000100000000)
  eden space 350720K, 0% used [0x00000000e0000000,0x00000000e0000000,0x00000000f5680000)
  from space 512K, 0% used [0x00000000f5680000,0x00000000f5680000,0x00000000f5700000)
  to   space 75264K, 0% used [0x00000000fa000000,0x00000000fa000000,0x00000000fe980000)
 ParOldGen       total 339456K, used 61158K [0x00000000a0000000, 0x00000000b4b80000, 0x00000000e0000000)
  object space 339456K, 18% used [0x00000000a0000000,0x00000000a3bb99f0,0x00000000b4b80000)
 Metaspace       used 118242K, capacity 126154K, committed 132392K, reserved 1165312K
  class space    used 14598K, capacity 15913K, committed 16944K, reserved 1048576K
}
Event: 10403.010 GC heap before
{Heap before GC invocations=115 (full 25):
 PSYoungGen      total 351232K, used 187K [0x00000000e0000000, 0x00000000fe980000, 0x0000000100000000)
  eden space 350720K, 0% used [0x00000000e0000000,0x00000000e002ec50,0x00000000f5680000)
  from space 512K, 0% used [0x00000000f5680000,0x00000000f5680000,0x00000000f5700000)
  to   space 75264K, 0% used [0x00000000fa000000,0x00000000fa000000,0x00000000fe980000)
 ParOldGen       total 339456K, used 61158K [0x00000000a0000000, 0x00000000b4b80000, 0x00000000e0000000)
  object space 339456K, 18% used [0x00000000a0000000,0x00000000a3bb99f0,0x00000000b4b80000)
 Metaspace       used 118242K, capacity 126154K, committed 132392K, reserved 1165312K
  class space    used 14598K, capacity 15913K, committed 16944K, reserved 1048576K
Event: 10403.013 GC heap after
Heap after GC invocations=115 (full 25):
 PSYoungGen      total 420864K, used 224K [0x00000000e0000000, 0x00000000fe480000, 0x0000000100000000)
  eden space 350720K, 0% used [0x00000000e0000000,0x00000000e0000000,0x00000000f5680000)
  from space 70144K, 0% used [0x00000000fa000000,0x00000000fa038000,0x00000000fe480000)
  to   space 72704K, 0% used [0x00000000f5680000,0x00000000f5680000,0x00000000f9d80000)
 ParOldGen       total 339456K, used 61158K [0x00000000a0000000, 0x00000000b4b80000, 0x00000000e0000000)
  object space 339456K, 18% used [0x00000000a0000000,0x00000000a3bb99f0,0x00000000b4b80000)
 Metaspace       used 118242K, capacity 126154K, committed 132392K, reserved 1165312K
  class space    used 14598K, capacity 15913K, committed 16944K, reserved 1048576K
}
Event: 10403.014 GC heap before
{Heap before GC invocations=116 (full 26):
 PSYoungGen      total 420864K, used 224K [0x00000000e0000000, 0x00000000fe480000, 0x0000000100000000)
  eden space 350720K, 0% used [0x00000000e0000000,0x00000000e0000000,0x00000000f5680000)
  from space 70144K, 0% used [0x00000000fa000000,0x00000000fa038000,0x00000000fe480000)
  to   space 72704K, 0% used [0x00000000f5680000,0x00000000f5680000,0x00000000f9d80000)
 ParOldGen       total 339456K, used 61158K [0x00000000a0000000, 0x00000000b4b80000, 0x00000000e0000000)
  object space 339456K, 18% used [0x00000000a0000000,0x00000000a3bb99f0,0x00000000b4b80000)
 Metaspace       used 118242K, capacity 126154K, committed 132392K, reserved 1165312K
  class space    used 14598K, capacity 15913K, committed 16944K, reserved 1048576K
Event: 10403.212 GC heap after
Heap after GC invocations=116 (full 26):
 PSYoungGen      total 420864K, used 0K [0x00000000e0000000, 0x00000000fe480000, 0x0000000100000000)
  eden space 350720K, 0% used [0x00000000e0000000,0x00000000e0000000,0x00000000f5680000)
  from space 70144K, 0% used [0x00000000fa000000,0x00000000fa000000,0x00000000fe480000)
  to   space 72704K, 0% used [0x00000000f5680000,0x00000000f5680000,0x00000000f9d80000)
 ParOldGen       total 339456K, used 56645K [0x00000000a0000000, 0x00000000b4b80000, 0x00000000e0000000)
  object space 339456K, 16% used [0x00000000a0000000,0x00000000a3751790,0x00000000b4b80000)
 Metaspace       used 118242K, capacity 126154K, committed 132392K, reserved 1165312K
  class space    used 14598K, capacity 15913K, committed 16944K, reserved 1048576K
}
Event: 10446.680 GC heap before
{Heap before GC invocations=117 (full 26):
 PSYoungGen      total 420864K, used 350720K [0x00000000e0000000, 0x00000000fe480000, 0x0000000100000000)
  eden space 350720K, 100% used [0x00000000e0000000,0x00000000f5680000,0x00000000f5680000)
  from space 70144K, 0% used [0x00000000fa000000,0x00000000fa000000,0x00000000fe480000)
  to   space 72704K, 0% used [0x00000000f5680000,0x00000000f5680000,0x00000000f9d80000)
 ParOldGen       total 339456K, used 56645K [0x00000000a0000000, 0x00000000b4b80000, 0x00000000e0000000)
  object space 339456K, 16% used [0x00000000a0000000,0x00000000a3751790,0x00000000b4b80000)
 Metaspace       used 118514K, capacity 126514K, committed 132392K, reserved 1165312K
  class space    used 14630K, capacity 15973K, committed 16944K, reserved 1048576K
Event: 10447.092 GC heap after
Heap after GC invocations=117 (full 26):
 PSYoungGen      total 423424K, used 13163K [0x00000000e0000000, 0x00000000feb00000, 0x0000000100000000)
  eden space 350720K, 0% used [0x00000000e0000000,0x00000000e0000000,0x00000000f5680000)
  from space 72704K, 18% used [0x00000000f5680000,0x00000000f635ae68,0x00000000f9d80000)
  to   space 68096K, 0% used [0x00000000fa880000,0x00000000fa880000,0x00000000feb00000)
 ParOldGen       total 339456K, used 56653K [0x00000000a0000000, 0x00000000b4b80000, 0x00000000e0000000)
  object space 339456K, 16% used [0x00000000a0000000,0x00000000a3753790,0x00000000b4b80000)
 Metaspace       used 118514K, capacity 126514K, committed 132392K, reserved 1165312K
  class space    used 14630K, capacity 15973K, committed 16944K, reserved 1048576K
}

